<?xml version="1.0" encoding="UTF-8"?>
<!-- Generated by org.testng.reporters.JUnitXMLReporter -->
<testsuite hostname="VAIO" ignored="0" name="Test Login" tests="1" failures="1" timestamp="13 May 2021 06:45:47 GMT" time="26.012" errors="0">
  <testcase name="testLoginCR" time="25.917" classname="com.qualitesoft.testscripts.LoginCR">
    <failure type="org.openqa.selenium.TimeoutException" message="Expected condition failed: waiting for visibility of element located by By.xpath: (//div[@class=&amp;apos;has-max-width&amp;apos;])[1]/div[2]/div[1]/div[1]/div/a/Strong (tried for 10 second(s) with 500 milliseconds interval)">
      <![CDATA[org.openqa.selenium.TimeoutException: Expected condition failed: waiting for visibility of element located by By.xpath: (//div[@class='has-max-width'])[1]/div[2]/div[1]/div[1]/div/a/Strong (tried for 10 second(s) with 500 milliseconds interval)
at org.openqa.selenium.support.ui.WebDriverWait.timeoutException(WebDriverWait.java:81)
at org.openqa.selenium.support.ui.FluentWait.until(FluentWait.java:271)
at com.qualitesoft.core.WaitTool.waitForElementPresentAndDisplay(WaitTool.java:19)
at com.qualitesoft.pageobjects.LoginPage.clickSignIn(LoginPage.java:27)
at com.qualitesoft.testscripts.LoginCR.testLoginCR(LoginCR.java:21)
at com.qualitesoft.TestNGRunner.main(TestNGRunner.java:18)
Caused by: org.openqa.selenium.NoSuchElementException: Cannot locate an element using By.xpath: (//div[@class='has-max-width'])[1]/div[2]/div[1]/div[1]/div/a/Strong
For documentation on this error, please visit: http://seleniumhq.org/exceptions/no_such_element.html
Build info: version: '3.11.0', revision: 'e59cfb3', time: '2018-03-11T20:33:15.31Z'
System info: host: 'VAIO', ip: '192.168.43.214', os.name: 'Windows 8', os.arch: 'amd64', os.version: '6.2', java.version: '1.8.0_281'
Driver info: driver.version: unknown
at org.openqa.selenium.support.ui.ExpectedConditions.lambda$findElement$0(ExpectedConditions.java:896)
at java.util.Optional.orElseThrow(Unknown Source)
at org.openqa.selenium.support.ui.ExpectedConditions.findElement(ExpectedConditions.java:895)
at org.openqa.selenium.support.ui.ExpectedConditions.access$000(ExpectedConditions.java:44)
at org.openqa.selenium.support.ui.ExpectedConditions$7.apply(ExpectedConditions.java:206)
at org.openqa.selenium.support.ui.ExpectedConditions$7.apply(ExpectedConditions.java:202)
at org.openqa.selenium.support.ui.FluentWait.until(FluentWait.java:248)
... 26 more
... Removed 22 stack frames]]>
    </failure>
  </testcase> <!-- testLoginCR -->
</testsuite> <!-- Test Login -->
